2026-03-03T11:04:09.209815 - 🚨 CVE.TO 缠论买卖点提醒

📊 信号：5m级别第一类买点 (潜在背驰)
💰 价格：$31.02
🎯 置信度：low
📝 说明：底背驰迹象：新低 30.42 vs 前低 30.97 (1.78%)

⏰ 时间：2026-03-03 11:04
2026-03-03T11:04:09.248511 - 🚨 CVE.TO 缠论买卖点提醒

📊 信号：1d级别第一类买点 (潜在背驰)
💰 价格：$31.02
🎯 置信度：low
📝 说明：底背驰迹象：新低 21.62 vs 前低 22.60 (4.34%)

⏰ 时间：2026-03-03 11:04
2026-03-03T12:43:28.011433 - 🚨 CVE.TO 缠论买卖点提醒

📊 信号：5m级别第二类买点
💰 价格：$31.23
🎯 置信度：medium
📝 说明：回调不破前低 30.42, 当前价 31.23

⏰ 时间：2026-03-03 12:43
2026-03-03T12:43:28.011511 - 🚨 CVE.TO 缠论买卖点提醒

📊 信号：5m级别第二类卖点
💰 价格：$31.23
🎯 置信度：medium
📝 说明：反弹不过前高 31.45, 当前价 31.23

⏰ 时间：2026-03-03 12:43
2026-03-03T12:43:28.050251 - 🚨 CVE.TO 缠论买卖点提醒

📊 信号：1d级别第一类买点 (潜在背驰)
💰 价格：$31.25
🎯 置信度：low
📝 说明：底背驰迹象：新低 21.62 vs 前低 22.60 (4.34%)

⏰ 时间：2026-03-03 12:43
2026-03-03T12:54:39.119265 - 🚨 CVE.TO 缠论买卖点提醒

📊 信号：1d级别第一类买点 (潜在背驰)
💰 价格：$31.13
🎯 置信度：low
📝 说明：底背驰迹象：新低 21.62 vs 前低 22.60 (4.34%)

⏰ 时间：2026-03-03 12:54
2026-03-03T14:43:10.847265 - 🚨 CVE.TO 缠论买卖点提醒

📊 信号：30m级别第二类买点
💰 价格：$30.65
🎯 置信度：medium
📝 说明：回调不破前低 30.27, 当前价 30.65

⏰ 时间：2026-03-03 14:43
2026-03-03T14:43:10.858964 - 🚨 CVE.TO 缠论买卖点提醒

📊 信号：1d级别第一类买点 (潜在背驰)
💰 价格：$30.65
🎯 置信度：low
📝 说明：底背驰迹象：新低 21.62 vs 前低 22.60 (4.34%)

⏰ 时间：2026-03-03 14:43
2026-03-03T16:42:52.896799 - 🚨 CVE.TO 缠论买卖点提醒

📊 信号：30m级别第二类买点
💰 价格：$30.58
🎯 置信度：medium
📝 说明：回调不破前低 30.27, 当前价 30.58

⏰ 时间：2026-03-03 16:42
2026-03-03T16:42:52.908570 - 🚨 CVE.TO 缠论买卖点提醒

📊 信号：1d级别第一类买点 (潜在背驰)
💰 价格：$30.58
🎯 置信度：low
📝 说明：底背驰迹象：新低 21.62 vs 前低 22.60 (4.34%)

⏰ 时间：2026-03-03 16:42
2026-03-03T18:42:55.414445 - 🚨 CVE.TO 缠论买卖点提醒

📊 信号：30m级别第二类买点
💰 价格：$30.58
🎯 置信度：medium
📝 说明：回调不破前低 30.27, 当前价 30.58

⏰ 时间：2026-03-03 18:42
2026-03-03T18:42:55.426418 - 🚨 CVE.TO 缠论买卖点提醒

📊 信号：1d级别第一类买点 (潜在背驰)
💰 价格：$30.58
🎯 置信度：low
📝 说明：底背驰迹象：新低 21.62 vs 前低 22.60 (4.34%)

⏰ 时间：2026-03-03 18:42
2026-03-03T20:42:58.879800 - 🚨 CVE.TO 缠论买卖点提醒

📊 信号：30m级别第二类买点
💰 价格：$30.58
🎯 置信度：medium
📝 说明：回调不破前低 30.27, 当前价 30.58

⏰ 时间：2026-03-03 20:42
2026-03-03T20:42:58.892711 - 🚨 CVE.TO 缠论买卖点提醒

📊 信号：1d级别第一类买点 (潜在背驰)
💰 价格：$30.58
🎯 置信度：low
📝 说明：底背驰迹象：新低 21.62 vs 前低 22.60 (4.34%)

⏰ 时间：2026-03-03 20:42
2026-03-03T22:42:54.871306 - 🚨 CVE.TO 缠论买卖点提醒

📊 信号：30m级别第二类买点
💰 价格：$30.58
🎯 置信度：medium
📝 说明：回调不破前低 30.27, 当前价 30.58

⏰ 时间：2026-03-03 22:42
2026-03-03T22:42:54.883161 - 🚨 CVE.TO 缠论买卖点提醒

📊 信号：1d级别第一类买点 (潜在背驰)
💰 价格：$30.58
🎯 置信度：low
📝 说明：底背驰迹象：新低 21.62 vs 前低 22.60 (4.34%)

⏰ 时间：2026-03-03 22:42
2026-03-04T00:42:53.161106 - 🚨 CVE.TO 缠论买卖点提醒

📊 信号：30m级别第二类买点
💰 价格：$30.58
🎯 置信度：medium
📝 说明：回调不破前低 30.27, 当前价 30.58

⏰ 时间：2026-03-04 00:42
2026-03-04T00:42:53.173115 - 🚨 CVE.TO 缠论买卖点提醒

📊 信号：1d级别第一类买点 (潜在背驰)
💰 价格：$30.58
🎯 置信度：low
📝 说明：底背驰迹象：新低 21.62 vs 前低 22.60 (4.34%)

⏰ 时间：2026-03-04 00:42
2026-03-04T10:43:09.468521 - 🚨 CVE.TO 缠论买卖点提醒

📊 信号：30m级别第二类买点
💰 价格：$30.65
🎯 置信度：medium
📝 说明：回调不破前低 30.27, 当前价 30.65

⏰ 时间：2026-03-04 10:43
2026-03-04T10:43:09.480607 - 🚨 CVE.TO 缠论买卖点提醒

📊 信号：1d级别第一类买点 (潜在背驰)
💰 价格：$30.65
🎯 置信度：low
📝 说明：底背驰迹象：新低 21.62 vs 前低 22.60 (4.34%)

⏰ 时间：2026-03-04 10:43
2026-03-04T11:38:02.224275 - 🚨 CVE.TO 缠论买卖点提醒

📊 信号：30m级别第二类买点
💰 价格：$30.84
🎯 置信度：medium
📝 说明：回调不破前低 30.27, 当前价 30.84

⏰ 时间：2026-03-04 11:38
2026-03-04T11:38:02.235817 - 🚨 CVE.TO 缠论买卖点提醒

📊 信号：1d级别第一类买点 (潜在背驰)
💰 价格：$30.84
🎯 置信度：low
📝 说明：底背驰迹象：新低 21.62 vs 前低 22.60 (4.34%)

⏰ 时间：2026-03-04 11:38
2026-03-04T12:42:49.920238 - 🚨 CVE.TO 缠论买卖点提醒

📊 信号：30m级别第一类买点 (潜在背驰)
💰 价格：$30.82
🎯 置信度：low
📝 说明：底背驰迹象：新低 30.28 vs 前低 30.42 (0.46%)

⏰ 时间：2026-03-04 12:42
2026-03-04T12:42:49.931940 - 🚨 CVE.TO 缠论买卖点提醒

📊 信号：1d级别第一类买点 (潜在背驰)
💰 价格：$30.58
🎯 置信度：low
📝 说明：底背驰迹象：新低 21.62 vs 前低 22.60 (4.34%)

⏰ 时间：2026-03-04 12:42
2026-03-04T14:42:50.472477 - 🚨 CVE.TO 缠论买卖点提醒

📊 信号：30m级别第一类买点 (潜在背驰)
💰 价格：$31.08
🎯 置信度：low
📝 说明：底背驰迹象：新低 30.28 vs 前低 30.42 (0.46%)

⏰ 时间：2026-03-04 14:42
2026-03-04T14:42:50.484312 - 🚨 CVE.TO 缠论买卖点提醒

📊 信号：1d级别第一类买点 (潜在背驰)
💰 价格：$31.08
🎯 置信度：low
📝 说明：底背驰迹象：新低 21.62 vs 前低 22.60 (4.34%)

⏰ 时间：2026-03-04 14:42
2026-03-04T16:43:21.799557 - 🚨 CVE.TO 缠论买卖点提醒

📊 信号：30m级别第一类买点 (潜在背驰)
💰 价格：$31.12
🎯 置信度：low
📝 说明：底背驰迹象：新低 30.28 vs 前低 30.42 (0.46%)

⏰ 时间：2026-03-04 16:43
2026-03-04T16:43:21.812807 - 🚨 CVE.TO 缠论买卖点提醒

📊 信号：1d级别第一类买点 (潜在背驰)
💰 价格：$31.10
🎯 置信度：low
📝 说明：底背驰迹象：新低 21.62 vs 前低 22.60 (4.34%)

⏰ 时间：2026-03-04 16:43
2026-03-05T10:42:58.209120 - 🚨 CVE.TO 缠论买卖点提醒

📊 信号：30m级别第一类买点 (潜在背驰)
💰 价格：$31.51
🎯 置信度：low
📝 说明：底背驰迹象：新低 30.28 vs 前低 30.42 (0.46%)

⏰ 时间：2026-03-05 10:42
2026-03-05T16:43:01.009527 - 🚨 CVE.TO 缠论买卖点提醒

📊 信号：30m级别第二类卖点
💰 价格：$31.85
🎯 置信度：medium
📝 说明：反弹不过前高 32.24, 当前价 31.85

⏰ 时间：2026-03-05 16:43
2026-03-06T14:42:51.813721 - 🚨 CVE.TO 缠论买卖点提醒

📊 信号：30m级别第二类买点
💰 价格：$31.53
🎯 置信度：medium
📝 说明：回调不破前低 30.28, 当前价 31.53

⏰ 时间：2026-03-06 14:42
2026-03-06T16:42:54.251624 - 🚨 CVE.TO 缠论买卖点提醒

📊 信号：30m级别第二类买点
💰 价格：$30.82
🎯 置信度：medium
📝 说明：回调不破前低 30.28, 当前价 30.82

⏰ 时间：2026-03-06 16:42
