2026-03-09T09:35:44.913431 - 🔴 UVIX 缠论买卖点提醒

📊 信号：5m级别第二类卖点
💰 价格：$9.57
🎯 置信度：medium
📝 说明：反弹不过前高 8.56, 当前价 9.57 (距高点 --11.93%)

⏰ 时间：2026-03-09 09:35
级别：5m
2026-03-09T09:35:44.913516 - 🔵 UVIX 缠论买卖点提醒

📊 信号：5m级别向上突破
💰 价格：$9.57
🎯 置信度：medium
📝 说明：突破前高 8.55, 当前价 9.57 (+11.93%)

⏰ 时间：2026-03-09 09:35
级别：5m
2026-03-09T09:35:44.941907 - 🔴 UVIX 缠论买卖点提醒

📊 信号：30m级别第二类卖点
💰 价格：$9.59
🎯 置信度：medium
📝 说明：反弹不过前高 8.81, 当前价 9.59 (距高点 --9.97%)

⏰ 时间：2026-03-09 09:35
级别：30m
2026-03-09T09:35:44.941967 - 🔵 UVIX 缠论买卖点提醒

📊 信号：30m级别向上突破
💰 价格：$9.59
🎯 置信度：medium
📝 说明：突破前高 8.72, 当前价 9.59 (+9.97%)

⏰ 时间：2026-03-09 09:35
级别：30m
