2026-03-06T10:23:06.249972 - 🚨 XEG.TO 缠论买卖点提醒

📊 信号：30m级别第二类买点
💰 价格：$24.33
🎯 置信度：medium
📝 说明：回调不破前低 23.81, 当前价 24.33

⏰ 时间：2026-03-06 10:23
2026-03-06T12:43:14.656153 - 🚨 XEG.TO 缠论买卖点提醒

📊 信号：30m级别第二类买点
💰 价格：$24.33
🎯 置信度：medium
📝 说明：回调不破前低 23.81, 当前价 24.33

⏰ 时间：2026-03-06 12:43
2026-03-06T14:43:10.268232 - 🚨 XEG.TO 缠论买卖点提醒

📊 信号：30m级别第二类买点
💰 价格：$24.35
🎯 置信度：medium
📝 说明：回调不破前低 23.81, 当前价 24.35

⏰ 时间：2026-03-06 14:43
2026-03-06T16:43:07.543539 - 🚨 XEG.TO 缠论买卖点提醒

📊 信号：30m级别第二类买点
💰 价格：$24.15
🎯 置信度：medium
📝 说明：回调不破前低 23.81, 当前价 24.15

⏰ 时间：2026-03-06 16:43
